
Jupyter server is running on: b-3-213
Job starts at: Sat Apr 22 16:16:21 EDT 2023

Step 1 :

If you are working in NYU campus, please open an iTerm window, run command

ssh -L 29818:localhost:29818 dks7920@greene.hpc.nyu.edu

If you are working off campus, you should already have ssh tunneling setup through HPC bastion host, 
that you can directly login to greene with command

ssh dks7920@greene

Please open an iTerm window, run command

ssh -L 29818:localhost:29818 dks7920@greene

Step 2:

Keep the iTerm windows in the previouse step open. Now open browser, find the line with

The Jupyter Notebook is running at: b-3-213

the URL is something: http://localhost:29818/?token=XXXXXXXX (see your token below)

you should be able to connect to jupyter notebook running remotly on greene compute node with above url

Dataset is copied to /tmp
[W 16:17:48.217 NotebookApp] Loading JupyterLab as a classic notebook (v6) extension.
[C 16:17:48.217 NotebookApp] You must use Jupyter Server v1 to load JupyterLab as notebook extension. You have v2.3.0 installed.
    You can fix this by executing:
        pip install -U "jupyter-server<2.0.0"
[I 16:17:48.220 NotebookApp] Serving notebooks from local directory: /home/dks7920/collision-prediction
[I 16:17:48.220 NotebookApp] Jupyter Notebook 6.5.2 is running at:
[I 16:17:48.220 NotebookApp] http://localhost:29818/?token=d1cc4f5528bb86a3497b90bd3147498c307a1e49662e9c7e
[I 16:17:48.220 NotebookApp]  or http://127.0.0.1:29818/?token=d1cc4f5528bb86a3497b90bd3147498c307a1e49662e9c7e
[I 16:17:48.220 NotebookApp] Use Control-C to stop this server and shut down all kernels (twice to skip confirmation).
[C 16:17:48.240 NotebookApp] 
    
    To access the notebook, open this file in a browser:
        file:///home/dks7920/.local/share/jupyter/runtime/nbserver-31860-open.html
    Or copy and paste one of these URLs:
        http://localhost:29818/?token=d1cc4f5528bb86a3497b90bd3147498c307a1e49662e9c7e
     or http://127.0.0.1:29818/?token=d1cc4f5528bb86a3497b90bd3147498c307a1e49662e9c7e
